<?xml version="1.0" encoding="UTF-8"?>
<!-- Generated by org.testng.reporters.JUnitXMLReporter -->
<testsuite ignored="0" hostname="LT32062ITD035" failures="0" tests="7" name="Default test" time="0.095" errors="0" timestamp="2024-08-07T10:31:40 ICT">
  <testcase classname="Base.BaseSetup" name="@BeforeClass initializeTestBaseSetup" time="-1.723001500707E9">
    <failure type="org.testng.TestNGException" message="
Parameter &amp;apos;browserType&amp;apos; is required by BeforeClass on method initializeTestBaseSetup but has not been marked @Optional or defined
in C:\Users\linhdq\AppData\Local\Temp\testng-eclipse--1999498003\testng-customsuite.xml">
      <![CDATA[org.testng.TestNGException: 
Parameter 'browserType' is required by BeforeClass on method initializeTestBaseSetup but has not been marked @Optional or defined
in C:\Users\linhdq\AppData\Local\Temp\testng-eclipse--1999498003\testng-customsuite.xml
at org.testng.internal.Parameters.createParams(Parameters.java:270)
at org.testng.internal.Parameters.createParametersForMethod(Parameters.java:358)
at org.testng.internal.Parameters.createParameters(Parameters.java:700)
at org.testng.internal.Parameters.createConfigurationParameters(Parameters.java:168)
at org.testng.internal.ConfigInvoker.invokeConfigurations(ConfigInvoker.java:302)
at org.testng.internal.TestMethodWorker.invokeBeforeClassMethods(TestMethodWorker.java:176)
at org.testng.internal.TestMethodWorker.run(TestMethodWorker.java:122)
at java.base/java.util.ArrayList.forEach(ArrayList.java:1511)
at org.testng.TestRunner.privateRun(TestRunner.java:794)
at org.testng.TestRunner.run(TestRunner.java:596)
at org.testng.SuiteRunner.runTest(SuiteRunner.java:377)
at org.testng.SuiteRunner.runSequentially(SuiteRunner.java:371)
at org.testng.SuiteRunner.privateRun(SuiteRunner.java:332)
at org.testng.SuiteRunner.run(SuiteRunner.java:276)
at org.testng.SuiteRunnerWorker.runSuite(SuiteRunnerWorker.java:53)
at org.testng.SuiteRunnerWorker.run(SuiteRunnerWorker.java:96)
at org.testng.TestNG.runSuitesSequentially(TestNG.java:1212)
at org.testng.TestNG.runSuitesLocally(TestNG.java:1134)
at org.testng.TestNG.runSuites(TestNG.java:1063)
at org.testng.TestNG.run(TestNG.java:1031)
at org.testng.remote.AbstractRemoteTestNG.run(AbstractRemoteTestNG.java:115)
at org.testng.remote.RemoteTestNG.initAndRun(RemoteTestNG.java:293)
at org.testng.remote.RemoteTestNG.main(RemoteTestNG.java:91)
]]>
    </failure>
  </testcase> <!-- @BeforeClass initializeTestBaseSetup -->
  <testcase classname="MMTest.MMTest" name="@BeforeMethod setUp" time="-1.72300150074E9">
    <skipped/>
  </testcase> <!-- @BeforeMethod setUp -->
  <testcase classname="MMTest.MMTest" name="@BeforeMethod setUp" time="-1.72300150075E9">
    <skipped/>
  </testcase> <!-- @BeforeMethod setUp -->
  <testcase classname="MMTest.MMTest" name="@BeforeMethod setUp" time="-1.723001500754E9">
    <skipped/>
  </testcase> <!-- @BeforeMethod setUp -->
  <testcase classname="MMTest.MMTest" name="@BeforeMethod setUp" time="-1.723001500757E9">
    <skipped/>
  </testcase> <!-- @BeforeMethod setUp -->
  <testcase classname="Base.BaseSetup" name="@AfterClass tearDown" time="-1.723001500771E9">
    <skipped/>
  </testcase> <!-- @AfterClass tearDown -->
  <testcase classname="MMTest.MMTest" name="MMTest004" time="0.0">
    <skipped/>
  </testcase> <!-- MMTest004 -->
  <testcase classname="MMTest.MMTest" name="customerKHDN" time="0.0">
    <skipped/>
  </testcase> <!-- customerKHDN -->
  <testcase classname="MMTest.MMTest" name="dateTestgetToday" time="0.0">
    <skipped/>
  </testcase> <!-- dateTestgetToday -->
  <testcase classname="MMTest.MMTest" name="MMTest005HAHA" time="0.0">
    <skipped/>
  </testcase> <!-- MMTest005HAHA -->
  <testcase classname="MMTest.MMTest" name="openCurAcc" time="0.0">
    <skipped/>
  </testcase> <!-- openCurAcc -->
  <testcase classname="MMTest.MMTest" name="MMTest002" time="0.0">
    <skipped/>
  </testcase> <!-- MMTest002 -->
  <testcase classname="MMTest.MMTest" name="MMTest003" time="0.0">
    <skipped/>
  </testcase> <!-- MMTest003 -->
</testsuite> <!-- Default test -->
