<?xml version="1.0" encoding="UTF-8"?>
<!-- Generated by org.testng.reporters.JUnitXMLReporter -->
<testsuite ignored="8" hostname="LT32062ITD035" failures="1" tests="1" name="Linh Test" time="13.503" errors="0" timestamp="2024-07-26T13:43:40 ICT">
  <testcase classname="customerTest.customerTest" name="customerTest004" time="7.119">
    <failure type="org.openqa.selenium.NoSuchWindowException" message="no such window: target window already closed
from unknown error: web view not found
  (Session info: chrome=127.0.6533.72)
Build info: version: &amp;apos;4.21.0&amp;apos;, revision: &amp;apos;79ed462ef4&amp;apos;
System info: os.name: &amp;apos;Windows 10&amp;apos;, os.arch: &amp;apos;amd64&amp;apos;, os.version: &amp;apos;10.0&amp;apos;, java.version: &amp;apos;17.0.11&amp;apos;
Driver info: org.openqa.selenium.chrome.ChromeDriver
Command: [dcf5dddf895ca315efb7c976d850cff5, isElementDisplayed {id=f.B2C1346927A878B454A573FB4D4746FD.d.9A03B197D322D66D7E9591070EC8E461.e.411}]
Capabilities {acceptInsecureCerts: false, browserName: chrome, browserVersion: 127.0.6533.72, chrome: {chromedriverVersion: 127.0.6533.72 (9755e24ca85a..., userDataDir: C:\Users\linhdq\AppData\Loc...}, fedcm:accounts: true, goog:chromeOptions: {debuggerAddress: localhost:50699}, networkConnectionEnabled: false, pageLoadStrategy: normal, platformName: windows, proxy: Proxy(), se:cdp: ws://localhost:50699/devtoo..., se:cdpVersion: 127.0.6533.72, setWindowRect: true, strictFileInteractability: false, timeouts: {implicit: 0, pageLoad: 300000, script: 30000}, unhandledPromptBehavior: dismiss and notify, webauthn:extension:credBlob: true, webauthn:extension:largeBlob: true, webauthn:extension:minPinLength: true, webauthn:extension:prf: true, webauthn:virtualAuthenticators: true}
Element: [[ChromeDriver: chrome on windows (dcf5dddf895ca315efb7c976d850cff5)] -&amp;gt; id: error_box]
Session ID: dcf5dddf895ca315efb7c976d850cff5">
      <![CDATA[org.openqa.selenium.NoSuchWindowException: no such window: target window already closed
from unknown error: web view not found
  (Session info: chrome=127.0.6533.72)
Build info: version: '4.21.0', revision: '79ed462ef4'
System info: os.name: 'Windows 10', os.arch: 'amd64', os.version: '10.0', java.version: '17.0.11'
Driver info: org.openqa.selenium.chrome.ChromeDriver
Command: [dcf5dddf895ca315efb7c976d850cff5, isElementDisplayed {id=f.B2C1346927A878B454A573FB4D4746FD.d.9A03B197D322D66D7E9591070EC8E461.e.411}]
Capabilities {acceptInsecureCerts: false, browserName: chrome, browserVersion: 127.0.6533.72, chrome: {chromedriverVersion: 127.0.6533.72 (9755e24ca85a..., userDataDir: C:\Users\linhdq\AppData\Loc...}, fedcm:accounts: true, goog:chromeOptions: {debuggerAddress: localhost:50699}, networkConnectionEnabled: false, pageLoadStrategy: normal, platformName: windows, proxy: Proxy(), se:cdp: ws://localhost:50699/devtoo..., se:cdpVersion: 127.0.6533.72, setWindowRect: true, strictFileInteractability: false, timeouts: {implicit: 0, pageLoad: 300000, script: 30000}, unhandledPromptBehavior: dismiss and notify, webauthn:extension:credBlob: true, webauthn:extension:largeBlob: true, webauthn:extension:minPinLength: true, webauthn:extension:prf: true, webauthn:virtualAuthenticators: true}
Element: [[ChromeDriver: chrome on windows (dcf5dddf895ca315efb7c976d850cff5)] -> id: error_box]
Session ID: dcf5dddf895ca315efb7c976d850cff5
at org.openqa.selenium.remote.ErrorCodec.decode(ErrorCodec.java:167)
at org.openqa.selenium.remote.codec.w3c.W3CHttpResponseCodec.decode(W3CHttpResponseCodec.java:138)
at org.openqa.selenium.remote.codec.w3c.W3CHttpResponseCodec.decode(W3CHttpResponseCodec.java:50)
at org.openqa.selenium.remote.HttpCommandExecutor.execute(HttpCommandExecutor.java:190)
at org.openqa.selenium.remote.service.DriverCommandExecutor.invokeExecute(DriverCommandExecutor.java:216)
at org.openqa.selenium.remote.service.DriverCommandExecutor.execute(DriverCommandExecutor.java:174)
at org.openqa.selenium.remote.RemoteWebDriver.execute(RemoteWebDriver.java:518)
at org.openqa.selenium.remote.RemoteWebElement.execute(RemoteWebElement.java:223)
at org.openqa.selenium.remote.RemoteWebElement.isDisplayed(RemoteWebElement.java:282)
at Page.customerPage.customerTest004Verify(customerPage.java:114)
at customerTest.customerTest.customerTest004(customerTest.java:111)
at java.base/java.util.ArrayList.forEach(ArrayList.java:1511)
... Removed 32 stack frames]]>
    </failure>
  </testcase> <!-- customerTest004 -->
  <testcase classname="customerTest.customerTest" name="customerTest007" time="0.0">
    <ignored/>
  </testcase> <!-- customerTest007 -->
  <testcase classname="customerTest.customerTest" name="customerTest005" time="0.0">
    <ignored/>
  </testcase> <!-- customerTest005 -->
  <testcase classname="customerTest.customerTest" name="customerTest002" time="0.0">
    <ignored/>
  </testcase> <!-- customerTest002 -->
  <testcase classname="customerTest.customerTest" name="customerTest003" time="0.0">
    <ignored/>
  </testcase> <!-- customerTest003 -->
  <testcase classname="customerTest.customerTest" name="customerTest001" time="0.0">
    <ignored/>
  </testcase> <!-- customerTest001 -->
  <testcase classname="customerTest.customerTest" name="customerTest008" time="0.0">
    <ignored/>
  </testcase> <!-- customerTest008 -->
  <testcase classname="customerTest.customerTest" name="customerTest009" time="0.0">
    <ignored/>
  </testcase> <!-- customerTest009 -->
  <testcase classname="customerTest.customerTest" name="customerTest006" time="0.0">
    <ignored/>
  </testcase> <!-- customerTest006 -->
</testsuite> <!-- Linh Test -->
