<?xml version="1.0" encoding="UTF-8"?>
<!-- Generated by org.testng.reporters.JUnitXMLReporter -->
<testsuite ignored="18" hostname="LT32062ITD035" failures="0" tests="1" name="Linh Test" time="46.331" errors="0" timestamp="2024-07-11T09:28:36 ICT">
  <testcase classname="customerTest.customerTestCorp" name="customerTest027" time="39.47"/>
  <testcase classname="customerTest.customerTestCorp" name="customerTest011" time="0.0">
    <ignored/>
  </testcase> <!-- customerTest011 -->
  <testcase classname="customerTest.customerTestCorp" name="customerTest022" time="0.0">
    <ignored/>
  </testcase> <!-- customerTest022 -->
  <testcase classname="customerTest.customerTestCorp" name="customerTest018" time="0.0">
    <ignored/>
  </testcase> <!-- customerTest018 -->
  <testcase classname="customerTest.customerTestCorp" name="customerTest016" time="0.0">
    <ignored/>
  </testcase> <!-- customerTest016 -->
  <testcase classname="customerTest.customerTestCorp" name="customerTest017" time="0.0">
    <ignored/>
  </testcase> <!-- customerTest017 -->
  <testcase classname="customerTest.customerTestCorp" name="customerTest028" time="0.0">
    <ignored/>
  </testcase> <!-- customerTest028 -->
  <testcase classname="customerTest.customerTestCorp" name="customerTest014" time="0.0">
    <ignored/>
  </testcase> <!-- customerTest014 -->
  <testcase classname="customerTest.customerTestCorp" name="customerTest025" time="0.0">
    <ignored/>
  </testcase> <!-- customerTest025 -->
  <testcase classname="customerTest.customerTestCorp" name="customerTest015" time="0.0">
    <ignored/>
  </testcase> <!-- customerTest015 -->
  <testcase classname="customerTest.customerTestCorp" name="customerTest026" time="0.0">
    <ignored/>
  </testcase> <!-- customerTest026 -->
  <testcase classname="customerTest.customerTestCorp" name="customerTest012" time="0.0">
    <ignored/>
  </testcase> <!-- customerTest012 -->
  <testcase classname="customerTest.customerTestCorp" name="customerTest023" time="0.0">
    <ignored/>
  </testcase> <!-- customerTest023 -->
  <testcase classname="customerTest.customerTestCorp" name="customerTest013" time="0.0">
    <ignored/>
  </testcase> <!-- customerTest013 -->
  <testcase classname="customerTest.customerTestCorp" name="customerTest024" time="0.0">
    <ignored/>
  </testcase> <!-- customerTest024 -->
  <testcase classname="customerTest.customerTestCorp" name="customerTest010" time="0.0">
    <ignored/>
  </testcase> <!-- customerTest010 -->
  <testcase classname="customerTest.customerTestCorp" name="customerTest021" time="0.0">
    <ignored/>
  </testcase> <!-- customerTest021 -->
  <testcase classname="customerTest.customerTestCorp" name="customerTest020" time="0.0">
    <ignored/>
  </testcase> <!-- customerTest020 -->
  <testcase classname="customerTest.customerTestCorp" name="customerTest019" time="0.0">
    <ignored/>
  </testcase> <!-- customerTest019 -->
</testsuite> <!-- Linh Test -->
