<?xml version="1.0" encoding="UTF-8"?>
<testng-results ignored="10" total="11" passed="1" failed="0" skipped="0">
  <reporter-output>
  </reporter-output>
  <suite started-at="2024-07-31T16:54:49 ICT" name="T24 R24" finished-at="2024-07-31T16:55:05 ICT" duration-ms="16920">
    <groups>
    </groups>
    <test started-at="2024-07-31T16:54:49 ICT" name="Linh Test" finished-at="2024-07-31T16:55:05 ICT" duration-ms="16920">
      <class name="customerTest.customerTest">
        <test-method is-config="true" signature="initializeTestBaseSetup(java.lang.String,java.lang.String)[pri:0, instance:customerTest.customerTest@62577d6]" started-at="2024-07-31T16:54:49 ICT" name="initializeTestBaseSetup" finished-at="2024-07-31T16:54:55 ICT" duration-ms="6036" status="PASS">
          <params>
            <param index="0">
              <value>
                <![CDATA[chrome]]>
              </value>
            </param>
            <param index="1">
              <value>
                <![CDATA[http://10.32.15.119:10314/BrowserWeb/servlet/BrowserServlet]]>
              </value>
            </param>
          </params>
          <reporter-output>
          </reporter-output>
        </test-method> <!-- initializeTestBaseSetup -->
        <test-method is-config="true" signature="setUp()[pri:0, instance:customerTest.customerTest@62577d6]" started-at="2024-07-31T16:54:55 ICT" name="setUp" finished-at="2024-07-31T16:54:55 ICT" duration-ms="1" status="PASS">
          <reporter-output>
          </reporter-output>
        </test-method> <!-- setUp -->
        <test-method signature="customerTest030()[pri:0, instance:customerTest.customerTest@62577d6]" started-at="2024-07-31T16:54:55 ICT" name="customerTest030" finished-at="2024-07-31T16:55:05 ICT" duration-ms="10834" status="PASS">
          <reporter-output>
          </reporter-output>
        </test-method> <!-- customerTest030 -->
        <test-method is-config="true" signature="tearDown()[pri:0, instance:customerTest.customerTest@62577d6]" started-at="2024-07-31T16:55:05 ICT" name="tearDown" finished-at="2024-07-31T16:55:05 ICT" duration-ms="1" status="PASS">
          <reporter-output>
          </reporter-output>
        </test-method> <!-- tearDown -->
      </class> <!-- customerTest.customerTest -->
    </test> <!-- Linh Test -->
  </suite> <!-- T24 R24 -->
</testng-results>
